<html>
<head>
<title>TestNG:  Test3</title>
<link href="../testng.css" rel="stylesheet" type="text/css" />
<link href="../my-testng.css" rel="stylesheet" type="text/css" />

<style type="text/css">
.log { display: none;} 
.stack-trace { display: none;} 
</style>
<script type="text/javascript">
<!--
function flip(e) {
  current = e.style.display;
  if (current == 'block') {
    e.style.display = 'none';
    return 0;
  }
  else {
    e.style.display = 'block';
    return 1;
  }
}

function toggleBox(szDivId, elem, msg1, msg2)
{
  var res = -1;  if (document.getElementById) {
    res = flip(document.getElementById(szDivId));
  }
  else if (document.all) {
    // this is the way old msie versions work
    res = flip(document.all[szDivId]);
  }
  if(elem) {
    if(res == 0) elem.innerHTML = msg1; else elem.innerHTML = msg2;
  }

}

function toggleAllBoxes() {
  if (document.getElementsByTagName) {
    d = document.getElementsByTagName('div');
    for (i = 0; i < d.length; i++) {
      if (d[i].className == 'log') {
        flip(d[i]);
      }
    }
  }
}

// -->
</script>

</head>
<body>
<h2 align='center'>Test3</h2><table border='1' align="center">
<tr>
<td>Tests passed/Failed/Skipped:</td><td>0/0/5</td>
</tr><tr>
<td>Started on:</td><td>Tue Jul 07 20:00:26 MSK 2015</td>
</tr>
<tr><td>Total time:</td><td>8 seconds (8288 ms)</td>
</tr><tr>
<td>Included groups:</td><td></td>
</tr><tr>
<td>Excluded groups:</td><td></td>
</tr>
</table><p/>
<small><i>(Hover the method name to see the test class name)</i></small><p/>
<table width='100%' border='1' class='invocation-failed'>
<tr><td colspan='4' align='center'><b>FAILED CONFIGURATIONS</b></td></tr>
<tr><td><b>Test method</b></td>
<td width="30%"><b>Exception</b></td>
<td width="10%"><b>Time (seconds)</b></td>
<td><b>Instance</b></td>
</tr>
<tr>
<td title='com.crmtronic.tests.CategoriesTest.initPageObjects()'><b>initPageObjects</b><br>Test class: com.crmtronic.tests.CategoriesTest</td>
<td><div><pre>org.openqa.selenium.WebDriverException: unknown error: cannot get automation extension
from chrome not reachable
  (Session info: chrome=43.0.2357.130)
  (Driver info: chromedriver=2.8.241075,platform=Windows NT 6.3 x86_64) (WARNING: The server did not provide any stacktrace information)
Command duration or timeout: 1.01 seconds
Build info: version: &apos;2.46.0&apos;, revision: &apos;61506a4624b13675f24581e453592342b7485d71&apos;, time: &apos;2015-06-04 10:22:50&apos;
System info: host: &apos;Vova-PC&apos;, ip: &apos;192.168.1.221&apos;, os.name: &apos;Windows 8.1&apos;, os.arch: &apos;amd64&apos;, os.version: &apos;6.3&apos;, java.version: &apos;1.8.0_45&apos;
Driver info: org.openqa.selenium.chrome.ChromeDriver
Capabilities [{applicationCacheEnabled=false, rotatable=false, chrome={userDataDir=C:\Users\Vova\AppData\Local\Temp\scoped_dir12088_21063}, takesHeapSnapshot=true, databaseEnabled=false, handlesAlerts=true, version=43.0.2357.130, platform=WIN8_1, browserConnectionEnabled=false, nativeEvents=true, acceptSslCerts=true, locationContextEnabled=true, webStorageEnabled=true, browserName=chrome, takesScreenshot=true, javascriptEnabled=true, cssSelectorsEnabled=true}]
Session ID: 0e733fbfcfc668ff017601a3628097f9
	at sun.reflect.NativeConstructorAccessorImpl.newInstance0(Native Method)
	at sun.reflect.NativeConstructorAccessorImpl.newInstance(Unknown Source)
	at sun.reflect.DelegatingConstructorAccessorImpl.newInstance(Unknown Source)
	at java.lang.reflect.Constructor.newInstance(Unknown Source)
	at org.openqa.selenium.remote.ErrorHandler.createThrowable(ErrorHandler.java:204)
	at org.openqa.selenium.remote.ErrorHandler.throwIfResponseFailed(ErrorHandler.java:156)
	at org.openqa.selenium.remote.RemoteWebDriver.execute(RemoteWebDriver.java:605)
	at org.openqa.selenium.remote.RemoteWebDriver$RemoteWebDriverOptions$RemoteWindow.maximize(RemoteWebDriver.java:843)
	at com.crmtronic.testbase.TestNgTestBase.initPageObjects(TestNgTestBase.java:79)
	at sun.reflect.NativeMethodAccessorImpl.invoke0(Native Method)
	at sun.reflect.NativeMethodAccessorImpl.invoke(Unknown Source)
	at sun.reflect.DelegatingMethodAccessorImpl.invoke(Unknown Source)
	at java.lang.reflect.Method.invoke(Unknown Source)
	at org.testng.internal.MethodInvocationHelper.invokeMethod(MethodInvocationHelper.java:85)
	at org.testng.internal.Invoker.invokeConfigurationMethod(Invoker.java:517)
	at org.testng.internal.Invoker.invokeConfigurations(Invoker.java:213)
	at org.testng.internal.Invoker.invokeMethod(Invoker.java:601)
	at org.testng.internal.Invoker.invokeTestMethod(Invoker.java:845)
	at org.testng.internal.Invoker.invokeTestMethods(Invoker.java:1153)
	at org.testng.internal.TestMethodWorker.invokeTestMethods(TestMethodWorker.java:125)
	at org.testng.internal.TestMethodWorker.run(TestMethodWorker.java:108)
	at org.testng.TestRunner.privateRun(TestRunner.java:771)
	at org.testng.TestRunner.run(TestRunner.java:621)
	at org.testng.SuiteRunner.runTest(SuiteRunner.java:357)
	at org.testng.SuiteRunner.runSequentially(SuiteRunner.java:352)
	at org.testng.SuiteRunner.privateRun(SuiteRunner.java:310)
	at org.testng.SuiteRunner.run(SuiteRunner.java:259)
	at org.testng.SuiteRunnerWorker.runSuite(SuiteRunnerWorker.java:52)
	at org.testng.SuiteRunnerWorker.run(SuiteRunnerWorker.java:86)
	at org.testng.TestNG.runSuitesSequentially(TestNG.java:1199)
	at org.testng.TestNG.runSuitesLocally(TestNG.java:1124)
	at org.testng.TestNG.run(TestNG.java:1032)
	at org.testng.remote.RemoteTestNG.run(RemoteTestNG.java:111)
	at org.testng.remote.RemoteTestNG.initAndRun(RemoteTestNG.java:204)
	at org.testng.remote.RemoteTestNG.main(RemoteTestNG.java:175)
</pre></div><a href='#' onClick='toggleBox("stack-trace136157810", this, "Click to show all stack frames", "Click to hide stack frames")'>Click to show all stack frames</a>
<div class='stack-trace' id='stack-trace136157810'><pre>org.openqa.selenium.WebDriverException: unknown error: cannot get automation extension
from chrome not reachable
  (Session info: chrome=43.0.2357.130)
  (Driver info: chromedriver=2.8.241075,platform=Windows NT 6.3 x86_64) (WARNING: The server did not provide any stacktrace information)
Command duration or timeout: 1.01 seconds
Build info: version: &apos;2.46.0&apos;, revision: &apos;61506a4624b13675f24581e453592342b7485d71&apos;, time: &apos;2015-06-04 10:22:50&apos;
System info: host: &apos;Vova-PC&apos;, ip: &apos;192.168.1.221&apos;, os.name: &apos;Windows 8.1&apos;, os.arch: &apos;amd64&apos;, os.version: &apos;6.3&apos;, java.version: &apos;1.8.0_45&apos;
Driver info: org.openqa.selenium.chrome.ChromeDriver
Capabilities [{applicationCacheEnabled=false, rotatable=false, chrome={userDataDir=C:\Users\Vova\AppData\Local\Temp\scoped_dir12088_21063}, takesHeapSnapshot=true, databaseEnabled=false, handlesAlerts=true, version=43.0.2357.130, platform=WIN8_1, browserConnectionEnabled=false, nativeEvents=true, acceptSslCerts=true, locationContextEnabled=true, webStorageEnabled=true, browserName=chrome, takesScreenshot=true, javascriptEnabled=true, cssSelectorsEnabled=true}]
Session ID: 0e733fbfcfc668ff017601a3628097f9
	at sun.reflect.NativeConstructorAccessorImpl.newInstance0(Native Method)
	at sun.reflect.NativeConstructorAccessorImpl.newInstance(Unknown Source)
	at sun.reflect.DelegatingConstructorAccessorImpl.newInstance(Unknown Source)
	at java.lang.reflect.Constructor.newInstance(Unknown Source)
	at org.openqa.selenium.remote.ErrorHandler.createThrowable(ErrorHandler.java:204)
	at org.openqa.selenium.remote.ErrorHandler.throwIfResponseFailed(ErrorHandler.java:156)
	at org.openqa.selenium.remote.RemoteWebDriver.execute(RemoteWebDriver.java:605)
	at org.openqa.selenium.remote.RemoteWebDriver$RemoteWebDriverOptions$RemoteWindow.maximize(RemoteWebDriver.java:843)
	at com.crmtronic.testbase.TestNgTestBase.initPageObjects(TestNgTestBase.java:79)
	at sun.reflect.NativeMethodAccessorImpl.invoke0(Native Method)
	at sun.reflect.NativeMethodAccessorImpl.invoke(Unknown Source)
	at sun.reflect.DelegatingMethodAccessorImpl.invoke(Unknown Source)
	at java.lang.reflect.Method.invoke(Unknown Source)
	at org.testng.internal.MethodInvocationHelper.invokeMethod(MethodInvocationHelper.java:85)
	at org.testng.internal.Invoker.invokeConfigurationMethod(Invoker.java:517)
	at org.testng.internal.Invoker.invokeConfigurations(Invoker.java:213)
	at org.testng.internal.Invoker.invokeMethod(Invoker.java:601)
	at org.testng.internal.Invoker.invokeTestMethod(Invoker.java:845)
	at org.testng.internal.Invoker.invokeTestMethods(Invoker.java:1153)
	at org.testng.internal.TestMethodWorker.invokeTestMethods(TestMethodWorker.java:125)
	at org.testng.internal.TestMethodWorker.run(TestMethodWorker.java:108)
	at org.testng.TestRunner.privateRun(TestRunner.java:771)
	at org.testng.TestRunner.run(TestRunner.java:621)
	at org.testng.SuiteRunner.runTest(SuiteRunner.java:357)
	at org.testng.SuiteRunner.runSequentially(SuiteRunner.java:352)
	at org.testng.SuiteRunner.privateRun(SuiteRunner.java:310)
	at org.testng.SuiteRunner.run(SuiteRunner.java:259)
	at org.testng.SuiteRunnerWorker.runSuite(SuiteRunnerWorker.java:52)
	at org.testng.SuiteRunnerWorker.run(SuiteRunnerWorker.java:86)
	at org.testng.TestNG.runSuitesSequentially(TestNG.java:1199)
	at org.testng.TestNG.runSuitesLocally(TestNG.java:1124)
	at org.testng.TestNG.run(TestNG.java:1032)
	at org.testng.remote.RemoteTestNG.run(RemoteTestNG.java:111)
	at org.testng.remote.RemoteTestNG.initAndRun(RemoteTestNG.java:204)
	at org.testng.remote.RemoteTestNG.main(RemoteTestNG.java:175)
</pre></div></td>
<td>0</td>
<td>com.crmtronic.tests.CategoriesTest@57829d67</td></tr>
</table><p>
<table width='100%' border='1' class='invocation-skipped'>
<tr><td colspan='4' align='center'><b>SKIPPED CONFIGURATIONS</b></td></tr>
<tr><td><b>Test method</b></td>
<td width="30%"><b>Exception</b></td>
<td width="10%"><b>Time (seconds)</b></td>
<td><b>Instance</b></td>
</tr>
<tr>
<td title='com.crmtronic.tests.CategoriesTest.startMethod()'><b>startMethod</b><br>Test class: com.crmtronic.tests.CategoriesTest</td>
<td></td>
<td>0</td>
<td>com.crmtronic.tests.CategoriesTest@57829d67</td></tr>
<tr>
<td title='com.crmtronic.tests.CategoriesTest.setUp()'><b>setUp</b><br>Test class: com.crmtronic.tests.CategoriesTest</td>
<td></td>
<td>0</td>
<td>com.crmtronic.tests.CategoriesTest@57829d67</td></tr>
<tr>
<td title='com.crmtronic.tests.CategoriesTest.initPageObjects()'><b>initPageObjects</b><br>Test class: com.crmtronic.tests.CategoriesTest</td>
<td></td>
<td>0</td>
<td>com.crmtronic.tests.CategoriesTest@57829d67</td></tr>
<tr>
<td title='com.crmtronic.tests.CategoriesTest.startMethod()'><b>startMethod</b><br>Test class: com.crmtronic.tests.CategoriesTest</td>
<td></td>
<td>0</td>
<td>com.crmtronic.tests.CategoriesTest@57829d67</td></tr>
<tr>
<td title='com.crmtronic.tests.CategoriesTest.setUp()'><b>setUp</b><br>Test class: com.crmtronic.tests.CategoriesTest</td>
<td></td>
<td>0</td>
<td>com.crmtronic.tests.CategoriesTest@57829d67</td></tr>
<tr>
<td title='com.crmtronic.tests.CategoriesTest.initPageObjects()'><b>initPageObjects</b><br>Test class: com.crmtronic.tests.CategoriesTest</td>
<td></td>
<td>0</td>
<td>com.crmtronic.tests.CategoriesTest@57829d67</td></tr>
<tr>
<td title='com.crmtronic.tests.CategoriesTest.startMethod()'><b>startMethod</b><br>Test class: com.crmtronic.tests.CategoriesTest</td>
<td></td>
<td>0</td>
<td>com.crmtronic.tests.CategoriesTest@57829d67</td></tr>
<tr>
<td title='com.crmtronic.tests.CategoriesTest.setUp()'><b>setUp</b><br>Test class: com.crmtronic.tests.CategoriesTest</td>
<td></td>
<td>0</td>
<td>com.crmtronic.tests.CategoriesTest@57829d67</td></tr>
<tr>
<td title='com.crmtronic.tests.CategoriesTest.initPageObjects()'><b>initPageObjects</b><br>Test class: com.crmtronic.tests.CategoriesTest</td>
<td></td>
<td>0</td>
<td>com.crmtronic.tests.CategoriesTest@57829d67</td></tr>
<tr>
<td title='com.crmtronic.tests.CategoriesTest.startMethod()'><b>startMethod</b><br>Test class: com.crmtronic.tests.CategoriesTest</td>
<td></td>
<td>0</td>
<td>com.crmtronic.tests.CategoriesTest@57829d67</td></tr>
<tr>
<td title='com.crmtronic.tests.CategoriesTest.setUp()'><b>setUp</b><br>Test class: com.crmtronic.tests.CategoriesTest</td>
<td></td>
<td>0</td>
<td>com.crmtronic.tests.CategoriesTest@57829d67</td></tr>
<tr>
<td title='com.crmtronic.tests.CategoriesTest.initPageObjects()'><b>initPageObjects</b><br>Test class: com.crmtronic.tests.CategoriesTest</td>
<td></td>
<td>0</td>
<td>com.crmtronic.tests.CategoriesTest@57829d67</td></tr>
<tr>
<td title='com.crmtronic.tests.CategoriesTest.startMethod()'><b>startMethod</b><br>Test class: com.crmtronic.tests.CategoriesTest</td>
<td></td>
<td>0</td>
<td>com.crmtronic.tests.CategoriesTest@57829d67</td></tr>
<tr>
<td title='com.crmtronic.tests.CategoriesTest.setUp()'><b>setUp</b><br>Test class: com.crmtronic.tests.CategoriesTest</td>
<td></td>
<td>0</td>
<td>com.crmtronic.tests.CategoriesTest@57829d67</td></tr>
<tr>
<td title='com.crmtronic.tests.CategoriesTest.endMethod()'><b>endMethod</b><br>Test class: com.crmtronic.tests.CategoriesTest</td>
<td></td>
<td>0</td>
<td>com.crmtronic.tests.CategoriesTest@57829d67</td></tr>
<tr>
<td title='com.crmtronic.tests.CategoriesTest.endMethod()'><b>endMethod</b><br>Test class: com.crmtronic.tests.CategoriesTest</td>
<td></td>
<td>0</td>
<td>com.crmtronic.tests.CategoriesTest@57829d67</td></tr>
<tr>
<td title='com.crmtronic.tests.CategoriesTest.endMethod()'><b>endMethod</b><br>Test class: com.crmtronic.tests.CategoriesTest</td>
<td></td>
<td>0</td>
<td>com.crmtronic.tests.CategoriesTest@57829d67</td></tr>
<tr>
<td title='com.crmtronic.tests.CategoriesTest.endMethod()'><b>endMethod</b><br>Test class: com.crmtronic.tests.CategoriesTest</td>
<td></td>
<td>0</td>
<td>com.crmtronic.tests.CategoriesTest@57829d67</td></tr>
<tr>
<td title='com.crmtronic.tests.CategoriesTest.endMethod()'><b>endMethod</b><br>Test class: com.crmtronic.tests.CategoriesTest</td>
<td></td>
<td>0</td>
<td>com.crmtronic.tests.CategoriesTest@57829d67</td></tr>
</table><p>
<table width='100%' border='1' class='invocation-skipped'>
<tr><td colspan='4' align='center'><b>SKIPPED TESTS</b></td></tr>
<tr><td><b>Test method</b></td>
<td width="30%"><b>Exception</b></td>
<td width="10%"><b>Time (seconds)</b></td>
<td><b>Instance</b></td>
</tr>
<tr>
<td title='com.crmtronic.tests.CategoriesTest.testCreateNewCategories()'><b>testCreateNewCategories</b><br>Test class: com.crmtronic.tests.CategoriesTest</td>
<td></td>
<td>0</td>
<td>com.crmtronic.tests.CategoriesTest@57829d67</td></tr>
<tr>
<td title='com.crmtronic.tests.CategoriesTest.testDeleteCategory()'><b>testDeleteCategory</b><br>Test class: com.crmtronic.tests.CategoriesTest</td>
<td></td>
<td>0</td>
<td>com.crmtronic.tests.CategoriesTest@57829d67</td></tr>
<tr>
<td title='com.crmtronic.tests.CategoriesTest.testVerifiButtonVisibitiClose()'><b>testVerifiButtonVisibitiClose</b><br>Test class: com.crmtronic.tests.CategoriesTest</td>
<td></td>
<td>0</td>
<td>com.crmtronic.tests.CategoriesTest@57829d67</td></tr>
<tr>
<td title='com.crmtronic.tests.CategoriesTest.testVerifiDocumentCategory()'><b>testVerifiDocumentCategory</b><br>Test class: com.crmtronic.tests.CategoriesTest</td>
<td></td>
<td>0</td>
<td>com.crmtronic.tests.CategoriesTest@57829d67</td></tr>
<tr>
<td title='com.crmtronic.tests.CategoriesTest.testVerifiFieldSearchCategories()'><b>testVerifiFieldSearchCategories</b><br>Test class: com.crmtronic.tests.CategoriesTest</td>
<td></td>
<td>0</td>
<td>com.crmtronic.tests.CategoriesTest@57829d67</td></tr>
</table><p>
</body>
</html>