<?xml version="1.0" encoding="UTF-8"?>
<!-- Generated by org.testng.reporters.JUnitXMLReporter -->
<testsuite hostname="Vova-PC" name="Test3" tests="5" failures="0" timestamp="7 Jul 2015 17:00:34 GMT" time="8.288" errors="0">
  <testcase name="@BeforeMethod initPageObjects" time="0.0" classname="com.crmtronic.tests.CategoriesTest">
    <failure type="org.openqa.selenium.WebDriverException" message="unknown error: cannot get automation extension
from chrome not reachable
  (Session info: chrome=43.0.2357.130)
  (Driver info: chromedriver=2.8.241075,platform=Windows NT 6.3 x86_64) (WARNING: The server did not provide any stacktrace information)
Command duration or timeout: 1.01 seconds
Build info: version: &amp;apos;2.46.0&amp;apos;, revision: &amp;apos;61506a4624b13675f24581e453592342b7485d71&amp;apos;, time: &amp;apos;2015-06-04 10:22:50&amp;apos;
System info: host: &amp;apos;Vova-PC&amp;apos;, ip: &amp;apos;192.168.1.221&amp;apos;, os.name: &amp;apos;Windows 8.1&amp;apos;, os.arch: &amp;apos;amd64&amp;apos;, os.version: &amp;apos;6.3&amp;apos;, java.version: &amp;apos;1.8.0_45&amp;apos;
Driver info: org.openqa.selenium.chrome.ChromeDriver
Capabilities [{applicationCacheEnabled=false, rotatable=false, chrome={userDataDir=C:\Users\Vova\AppData\Local\Temp\scoped_dir12088_21063}, takesHeapSnapshot=true, databaseEnabled=false, handlesAlerts=true, version=43.0.2357.130, platform=WIN8_1, browserConnectionEnabled=false, nativeEvents=true, acceptSslCerts=true, locationContextEnabled=true, webStorageEnabled=true, browserName=chrome, takesScreenshot=true, javascriptEnabled=true, cssSelectorsEnabled=true}]
Session ID: 0e733fbfcfc668ff017601a3628097f9">
      <![CDATA[org.openqa.selenium.WebDriverException: unknown error: cannot get automation extension
from chrome not reachable
  (Session info: chrome=43.0.2357.130)
  (Driver info: chromedriver=2.8.241075,platform=Windows NT 6.3 x86_64) (WARNING: The server did not provide any stacktrace information)
Command duration or timeout: 1.01 seconds
Build info: version: '2.46.0', revision: '61506a4624b13675f24581e453592342b7485d71', time: '2015-06-04 10:22:50'
System info: host: 'Vova-PC', ip: '192.168.1.221', os.name: 'Windows 8.1', os.arch: 'amd64', os.version: '6.3', java.version: '1.8.0_45'
Driver info: org.openqa.selenium.chrome.ChromeDriver
Capabilities [{applicationCacheEnabled=false, rotatable=false, chrome={userDataDir=C:\Users\Vova\AppData\Local\Temp\scoped_dir12088_21063}, takesHeapSnapshot=true, databaseEnabled=false, handlesAlerts=true, version=43.0.2357.130, platform=WIN8_1, browserConnectionEnabled=false, nativeEvents=true, acceptSslCerts=true, locationContextEnabled=true, webStorageEnabled=true, browserName=chrome, takesScreenshot=true, javascriptEnabled=true, cssSelectorsEnabled=true}]
Session ID: 0e733fbfcfc668ff017601a3628097f9
	at sun.reflect.NativeConstructorAccessorImpl.newInstance0(Native Method)
	at sun.reflect.NativeConstructorAccessorImpl.newInstance(Unknown Source)
	at sun.reflect.DelegatingConstructorAccessorImpl.newInstance(Unknown Source)
	at java.lang.reflect.Constructor.newInstance(Unknown Source)
	at org.openqa.selenium.remote.ErrorHandler.createThrowable(ErrorHandler.java:204)
	at org.openqa.selenium.remote.ErrorHandler.throwIfResponseFailed(ErrorHandler.java:156)
	at org.openqa.selenium.remote.RemoteWebDriver.execute(RemoteWebDriver.java:605)
	at org.openqa.selenium.remote.RemoteWebDriver$RemoteWebDriverOptions$RemoteWindow.maximize(RemoteWebDriver.java:843)
	at com.crmtronic.testbase.TestNgTestBase.initPageObjects(TestNgTestBase.java:79)
	at sun.reflect.NativeMethodAccessorImpl.invoke0(Native Method)
	at sun.reflect.NativeMethodAccessorImpl.invoke(Unknown Source)
	at sun.reflect.DelegatingMethodAccessorImpl.invoke(Unknown Source)
	at java.lang.reflect.Method.invoke(Unknown Source)
	at org.testng.internal.MethodInvocationHelper.invokeMethod(MethodInvocationHelper.java:85)
	at org.testng.internal.Invoker.invokeConfigurationMethod(Invoker.java:517)
	at org.testng.internal.Invoker.invokeConfigurations(Invoker.java:213)
	at org.testng.internal.Invoker.invokeMethod(Invoker.java:601)
	at org.testng.internal.Invoker.invokeTestMethod(Invoker.java:845)
	at org.testng.internal.Invoker.invokeTestMethods(Invoker.java:1153)
	at org.testng.internal.TestMethodWorker.invokeTestMethods(TestMethodWorker.java:125)
	at org.testng.internal.TestMethodWorker.run(TestMethodWorker.java:108)
	at org.testng.TestRunner.privateRun(TestRunner.java:771)
	at org.testng.TestRunner.run(TestRunner.java:621)
	at org.testng.SuiteRunner.runTest(SuiteRunner.java:357)
	at org.testng.SuiteRunner.runSequentially(SuiteRunner.java:352)
	at org.testng.SuiteRunner.privateRun(SuiteRunner.java:310)
	at org.testng.SuiteRunner.run(SuiteRunner.java:259)
	at org.testng.SuiteRunnerWorker.runSuite(SuiteRunnerWorker.java:52)
	at org.testng.SuiteRunnerWorker.run(SuiteRunnerWorker.java:86)
	at org.testng.TestNG.runSuitesSequentially(TestNG.java:1199)
	at org.testng.TestNG.runSuitesLocally(TestNG.java:1124)
	at org.testng.TestNG.run(TestNG.java:1032)
	at org.testng.remote.RemoteTestNG.run(RemoteTestNG.java:111)
	at org.testng.remote.RemoteTestNG.initAndRun(RemoteTestNG.java:204)
	at org.testng.remote.RemoteTestNG.main(RemoteTestNG.java:175)
]]>
    </failure>
  </testcase> <!-- @BeforeMethod initPageObjects -->
  <testcase name="@BeforeMethod startMethod" time="0.0" classname="com.crmtronic.tests.CategoriesTest">
    <skipped/>
  </testcase> <!-- @BeforeMethod startMethod -->
  <testcase name="@BeforeMethod setUp" time="0.0" classname="com.crmtronic.tests.CategoriesTest">
    <skipped/>
  </testcase> <!-- @BeforeMethod setUp -->
  <testcase name="@AfterMethod endMethod" time="0.0" classname="com.crmtronic.tests.CategoriesTest">
    <skipped/>
  </testcase> <!-- @AfterMethod endMethod -->
  <testcase name="@BeforeMethod initPageObjects" time="0.0" classname="com.crmtronic.tests.CategoriesTest">
    <skipped/>
  </testcase> <!-- @BeforeMethod initPageObjects -->
  <testcase name="@BeforeMethod startMethod" time="0.0" classname="com.crmtronic.tests.CategoriesTest">
    <skipped/>
  </testcase> <!-- @BeforeMethod startMethod -->
  <testcase name="@BeforeMethod setUp" time="0.0" classname="com.crmtronic.tests.CategoriesTest">
    <skipped/>
  </testcase> <!-- @BeforeMethod setUp -->
  <testcase name="@AfterMethod endMethod" time="0.0" classname="com.crmtronic.tests.CategoriesTest">
    <skipped/>
  </testcase> <!-- @AfterMethod endMethod -->
  <testcase name="@BeforeMethod initPageObjects" time="0.0" classname="com.crmtronic.tests.CategoriesTest">
    <skipped/>
  </testcase> <!-- @BeforeMethod initPageObjects -->
  <testcase name="@BeforeMethod startMethod" time="0.0" classname="com.crmtronic.tests.CategoriesTest">
    <skipped/>
  </testcase> <!-- @BeforeMethod startMethod -->
  <testcase name="@BeforeMethod setUp" time="0.0" classname="com.crmtronic.tests.CategoriesTest">
    <skipped/>
  </testcase> <!-- @BeforeMethod setUp -->
  <testcase name="@AfterMethod endMethod" time="0.0" classname="com.crmtronic.tests.CategoriesTest">
    <skipped/>
  </testcase> <!-- @AfterMethod endMethod -->
  <testcase name="@BeforeMethod initPageObjects" time="0.0" classname="com.crmtronic.tests.CategoriesTest">
    <skipped/>
  </testcase> <!-- @BeforeMethod initPageObjects -->
  <testcase name="@BeforeMethod startMethod" time="0.0" classname="com.crmtronic.tests.CategoriesTest">
    <skipped/>
  </testcase> <!-- @BeforeMethod startMethod -->
  <testcase name="@BeforeMethod setUp" time="0.0" classname="com.crmtronic.tests.CategoriesTest">
    <skipped/>
  </testcase> <!-- @BeforeMethod setUp -->
  <testcase name="@AfterMethod endMethod" time="0.0" classname="com.crmtronic.tests.CategoriesTest">
    <skipped/>
  </testcase> <!-- @AfterMethod endMethod -->
  <testcase name="@BeforeMethod initPageObjects" time="0.0" classname="com.crmtronic.tests.CategoriesTest">
    <skipped/>
  </testcase> <!-- @BeforeMethod initPageObjects -->
  <testcase name="@BeforeMethod startMethod" time="0.0" classname="com.crmtronic.tests.CategoriesTest">
    <skipped/>
  </testcase> <!-- @BeforeMethod startMethod -->
  <testcase name="@BeforeMethod setUp" time="0.0" classname="com.crmtronic.tests.CategoriesTest">
    <skipped/>
  </testcase> <!-- @BeforeMethod setUp -->
  <testcase name="@AfterMethod endMethod" time="0.0" classname="com.crmtronic.tests.CategoriesTest">
    <skipped/>
  </testcase> <!-- @AfterMethod endMethod -->
  <testcase name="testVerifiButtonVisibitiClose" time="0.001" classname="com.crmtronic.tests.CategoriesTest">
    <skipped/>
  </testcase> <!-- testVerifiButtonVisibitiClose -->
  <testcase name="testVerifiDocumentCategory" time="0.001" classname="com.crmtronic.tests.CategoriesTest">
    <skipped/>
  </testcase> <!-- testVerifiDocumentCategory -->
  <testcase name="testVerifiFieldSearchCategories" time="0.001" classname="com.crmtronic.tests.CategoriesTest">
    <skipped/>
  </testcase> <!-- testVerifiFieldSearchCategories -->
  <testcase name="testCreateNewCategories" time="0.0" classname="com.crmtronic.tests.CategoriesTest">
    <skipped/>
  </testcase> <!-- testCreateNewCategories -->
  <testcase name="testDeleteCategory" time="0.001" classname="com.crmtronic.tests.CategoriesTest">
    <skipped/>
  </testcase> <!-- testDeleteCategory -->
</testsuite> <!-- Test3 -->
