<?xml version="1.0" encoding="UTF-8"?>
<testng-results skipped="7" failed="1" total="8" passed="0">
  <reporter-output>
  </reporter-output>
  <suite name="Tests" duration-ms="50732" started-at="2015-07-07T16:59:43Z" finished-at="2015-07-07T17:00:34Z">
    <groups>
    </groups>
    <test name="Test1" duration-ms="33286" started-at="2015-07-07T16:59:43Z" finished-at="2015-07-07T17:00:17Z">
      <class name="com.crmtronic.tests.LoginTest">
        <test-method status="PASS" signature="initWebDriver()[pri:0, instance:com.crmtronic.tests.LoginTest@5ba23b66]" name="initWebDriver" is-config="true" duration-ms="3535" started-at="2015-07-07T19:59:43Z" finished-at="2015-07-07T19:59:47Z">
          <reporter-output>
          </reporter-output>
        </test-method> <!-- initWebDriver -->
        <test-method status="PASS" signature="initPageObjects()[pri:0, instance:com.crmtronic.tests.LoginTest@5ba23b66]" name="initPageObjects" is-config="true" duration-ms="8238" started-at="2015-07-07T19:59:47Z" finished-at="2015-07-07T19:59:55Z">
          <reporter-output>
          </reporter-output>
        </test-method> <!-- initPageObjects -->
        <test-method status="PASS" signature="startMethod()[pri:0, instance:com.crmtronic.tests.LoginTest@5ba23b66]" name="startMethod" is-config="true" duration-ms="2764" started-at="2015-07-07T19:59:55Z" finished-at="2015-07-07T19:59:58Z">
          <reporter-output>
          </reporter-output>
        </test-method> <!-- startMethod -->
        <test-method status="FAIL" signature="testGoPagePasswordRecovery()[pri:0, instance:com.crmtronic.tests.LoginTest@5ba23b66]" name="testGoPagePasswordRecovery" duration-ms="8422" started-at="2015-07-07T19:59:58Z" finished-at="2015-07-07T20:00:06Z">
          <exception class="java.lang.NullPointerException">
            <full-stacktrace>
              <![CDATA[java.lang.NullPointerException
	at sun.reflect.NativeMethodAccessorImpl.invoke0(Native Method)
	at sun.reflect.NativeMethodAccessorImpl.invoke(Unknown Source)
	at sun.reflect.DelegatingMethodAccessorImpl.invoke(Unknown Source)
	at java.lang.reflect.Method.invoke(Unknown Source)
	at org.openqa.selenium.support.pagefactory.internal.LocatingElementHandler.invoke(LocatingElementHandler.java:51)
	at com.sun.proxy.$Proxy9.isDisplayed(Unknown Source)
	at org.openqa.selenium.support.ui.ExpectedConditions.elementIfVisible(ExpectedConditions.java:302)
	at org.openqa.selenium.support.ui.ExpectedConditions.access$100(ExpectedConditions.java:41)
	at org.openqa.selenium.support.ui.ExpectedConditions$10.apply(ExpectedConditions.java:288)
	at org.openqa.selenium.support.ui.ExpectedConditions$10.apply(ExpectedConditions.java:285)
	at org.openqa.selenium.support.ui.FluentWait.until(FluentWait.java:209)
	at com.crmtronic.pages.LoginPage.clickLingForgotPassword(LoginPage.java:59)
	at com.crmtronic.tests.LoginTest.testGoPagePasswordRecovery(LoginTest.java:22)
	at sun.reflect.NativeMethodAccessorImpl.invoke0(Native Method)
	at sun.reflect.NativeMethodAccessorImpl.invoke(Unknown Source)
	at sun.reflect.DelegatingMethodAccessorImpl.invoke(Unknown Source)
	at java.lang.reflect.Method.invoke(Unknown Source)
	at org.testng.internal.MethodInvocationHelper.invokeMethod(MethodInvocationHelper.java:85)
	at org.testng.internal.Invoker.invokeMethod(Invoker.java:659)
	at org.testng.internal.Invoker.invokeTestMethod(Invoker.java:845)
	at org.testng.internal.Invoker.invokeTestMethods(Invoker.java:1153)
	at org.testng.internal.TestMethodWorker.invokeTestMethods(TestMethodWorker.java:125)
	at org.testng.internal.TestMethodWorker.run(TestMethodWorker.java:108)
	at org.testng.TestRunner.privateRun(TestRunner.java:771)
	at org.testng.TestRunner.run(TestRunner.java:621)
	at org.testng.SuiteRunner.runTest(SuiteRunner.java:357)
	at org.testng.SuiteRunner.runSequentially(SuiteRunner.java:352)
	at org.testng.SuiteRunner.privateRun(SuiteRunner.java:310)
	at org.testng.SuiteRunner.run(SuiteRunner.java:259)
	at org.testng.SuiteRunnerWorker.runSuite(SuiteRunnerWorker.java:52)
	at org.testng.SuiteRunnerWorker.run(SuiteRunnerWorker.java:86)
	at org.testng.TestNG.runSuitesSequentially(TestNG.java:1199)
	at org.testng.TestNG.runSuitesLocally(TestNG.java:1124)
	at org.testng.TestNG.run(TestNG.java:1032)
	at org.testng.remote.RemoteTestNG.run(RemoteTestNG.java:111)
	at org.testng.remote.RemoteTestNG.initAndRun(RemoteTestNG.java:204)
	at org.testng.remote.RemoteTestNG.main(RemoteTestNG.java:175)
]]>
            </full-stacktrace>
          </exception> <!-- java.lang.NullPointerException -->
          <reporter-output>
          </reporter-output>
        </test-method> <!-- testGoPagePasswordRecovery -->
        <test-method status="PASS" signature="endMethod()[pri:0, instance:com.crmtronic.tests.LoginTest@5ba23b66]" name="endMethod" is-config="true" duration-ms="4004" started-at="2015-07-07T20:00:06Z" finished-at="2015-07-07T20:00:10Z">
          <reporter-output>
          </reporter-output>
        </test-method> <!-- endMethod -->
        <test-method status="PASS" signature="initPageObjects()[pri:0, instance:com.crmtronic.tests.LoginTest@5ba23b66]" name="initPageObjects" is-config="true" duration-ms="4286" started-at="2015-07-07T20:00:10Z" finished-at="2015-07-07T20:00:15Z">
          <reporter-output>
          </reporter-output>
        </test-method> <!-- initPageObjects -->
        <test-method status="FAIL" signature="startMethod()[pri:0, instance:com.crmtronic.tests.LoginTest@5ba23b66]" name="startMethod" is-config="true" duration-ms="0" started-at="2015-07-07T20:00:15Z" finished-at="2015-07-07T20:00:15Z">
          <exception class="org.openqa.selenium.WebDriverException">
            <message>
              <![CDATA[chrome not reachable
  (Session info: chrome=43.0.2357.130)
  (Driver info: chromedriver=2.8.241075,platform=Windows NT 6.3 x86_64) (WARNING: The server did not provide any stacktrace information)
Command duration or timeout: 2.00 seconds
Build info: version: '2.46.0', revision: '61506a4624b13675f24581e453592342b7485d71', time: '2015-06-04 10:22:50'
System info: host: 'Vova-PC', ip: '192.168.1.221', os.name: 'Windows 8.1', os.arch: 'amd64', os.version: '6.3', java.version: '1.8.0_45'
Driver info: org.openqa.selenium.chrome.ChromeDriver
Capabilities [{applicationCacheEnabled=false, rotatable=false, chrome={userDataDir=C:\Users\Vova\AppData\Local\Temp\scoped_dir11012_14152}, takesHeapSnapshot=true, databaseEnabled=false, handlesAlerts=true, version=43.0.2357.130, platform=WIN8_1, browserConnectionEnabled=false, nativeEvents=true, acceptSslCerts=true, locationContextEnabled=true, webStorageEnabled=true, browserName=chrome, takesScreenshot=true, javascriptEnabled=true, cssSelectorsEnabled=true}]
Session ID: b9bb29a32bd7513b11f4dd8651a6bfeb]]>
            </message>
            <full-stacktrace>
              <![CDATA[org.openqa.selenium.WebDriverException: chrome not reachable
  (Session info: chrome=43.0.2357.130)
  (Driver info: chromedriver=2.8.241075,platform=Windows NT 6.3 x86_64) (WARNING: The server did not provide any stacktrace information)
Command duration or timeout: 2.00 seconds
Build info: version: '2.46.0', revision: '61506a4624b13675f24581e453592342b7485d71', time: '2015-06-04 10:22:50'
System info: host: 'Vova-PC', ip: '192.168.1.221', os.name: 'Windows 8.1', os.arch: 'amd64', os.version: '6.3', java.version: '1.8.0_45'
Driver info: org.openqa.selenium.chrome.ChromeDriver
Capabilities [{applicationCacheEnabled=false, rotatable=false, chrome={userDataDir=C:\Users\Vova\AppData\Local\Temp\scoped_dir11012_14152}, takesHeapSnapshot=true, databaseEnabled=false, handlesAlerts=true, version=43.0.2357.130, platform=WIN8_1, browserConnectionEnabled=false, nativeEvents=true, acceptSslCerts=true, locationContextEnabled=true, webStorageEnabled=true, browserName=chrome, takesScreenshot=true, javascriptEnabled=true, cssSelectorsEnabled=true}]
Session ID: b9bb29a32bd7513b11f4dd8651a6bfeb
	at sun.reflect.NativeConstructorAccessorImpl.newInstance0(Native Method)
	at sun.reflect.NativeConstructorAccessorImpl.newInstance(Unknown Source)
	at sun.reflect.DelegatingConstructorAccessorImpl.newInstance(Unknown Source)
	at java.lang.reflect.Constructor.newInstance(Unknown Source)
	at org.openqa.selenium.remote.ErrorHandler.createThrowable(ErrorHandler.java:204)
	at org.openqa.selenium.remote.ErrorHandler.throwIfResponseFailed(ErrorHandler.java:156)
	at org.openqa.selenium.remote.RemoteWebDriver.execute(RemoteWebDriver.java:605)
	at org.openqa.selenium.remote.RemoteWebDriver.get(RemoteWebDriver.java:306)
	at com.crmtronic.testbase.TestNgTestBase.startMethod(TestNgTestBase.java:84)
	at sun.reflect.NativeMethodAccessorImpl.invoke0(Native Method)
	at sun.reflect.NativeMethodAccessorImpl.invoke(Unknown Source)
	at sun.reflect.DelegatingMethodAccessorImpl.invoke(Unknown Source)
	at java.lang.reflect.Method.invoke(Unknown Source)
	at org.testng.internal.MethodInvocationHelper.invokeMethod(MethodInvocationHelper.java:85)
	at org.testng.internal.Invoker.invokeConfigurationMethod(Invoker.java:517)
	at org.testng.internal.Invoker.invokeConfigurations(Invoker.java:213)
	at org.testng.internal.Invoker.invokeMethod(Invoker.java:601)
	at org.testng.internal.Invoker.invokeTestMethod(Invoker.java:845)
	at org.testng.internal.Invoker.invokeTestMethods(Invoker.java:1153)
	at org.testng.internal.TestMethodWorker.invokeTestMethods(TestMethodWorker.java:125)
	at org.testng.internal.TestMethodWorker.run(TestMethodWorker.java:108)
	at org.testng.TestRunner.privateRun(TestRunner.java:771)
	at org.testng.TestRunner.run(TestRunner.java:621)
	at org.testng.SuiteRunner.runTest(SuiteRunner.java:357)
	at org.testng.SuiteRunner.runSequentially(SuiteRunner.java:352)
	at org.testng.SuiteRunner.privateRun(SuiteRunner.java:310)
	at org.testng.SuiteRunner.run(SuiteRunner.java:259)
	at org.testng.SuiteRunnerWorker.runSuite(SuiteRunnerWorker.java:52)
	at org.testng.SuiteRunnerWorker.run(SuiteRunnerWorker.java:86)
	at org.testng.TestNG.runSuitesSequentially(TestNG.java:1199)
	at org.testng.TestNG.runSuitesLocally(TestNG.java:1124)
	at org.testng.TestNG.run(TestNG.java:1032)
	at org.testng.remote.RemoteTestNG.run(RemoteTestNG.java:111)
	at org.testng.remote.RemoteTestNG.initAndRun(RemoteTestNG.java:204)
	at org.testng.remote.RemoteTestNG.main(RemoteTestNG.java:175)
]]>
            </full-stacktrace>
          </exception> <!-- org.openqa.selenium.WebDriverException -->
          <reporter-output>
          </reporter-output>
        </test-method> <!-- startMethod -->
        <test-method status="SKIP" signature="testLoginOK()[pri:0, instance:com.crmtronic.tests.LoginTest@5ba23b66]" name="testLoginOK" duration-ms="1" started-at="2015-07-07T20:00:17Z" finished-at="2015-07-07T20:00:17Z">
          <reporter-output>
          </reporter-output>
        </test-method> <!-- testLoginOK -->
        <test-method status="SKIP" signature="endMethod()[pri:0, instance:com.crmtronic.tests.LoginTest@5ba23b66]" name="endMethod" is-config="true" duration-ms="0" started-at="2015-07-07T20:00:17Z" finished-at="2015-07-07T20:00:17Z">
          <reporter-output>
          </reporter-output>
        </test-method> <!-- endMethod -->
      </class> <!-- com.crmtronic.tests.LoginTest -->
    </test> <!-- Test1 -->
    <test name="Test2" duration-ms="8676" started-at="2015-07-07T17:00:17Z" finished-at="2015-07-07T17:00:26Z">
      <class name="com.crmtronic.tests.RegistrationTest">
        <test-method status="PASS" signature="initWebDriver()[pri:0, instance:com.crmtronic.tests.RegistrationTest@880ec60]" name="initWebDriver" is-config="true" duration-ms="3920" started-at="2015-07-07T20:00:17Z" finished-at="2015-07-07T20:00:21Z">
          <reporter-output>
          </reporter-output>
        </test-method> <!-- initWebDriver -->
        <test-method status="FAIL" signature="initPageObjects()[pri:0, instance:com.crmtronic.tests.RegistrationTest@880ec60]" name="initPageObjects" is-config="true" duration-ms="0" started-at="2015-07-07T20:00:21Z" finished-at="2015-07-07T20:00:21Z">
          <exception class="org.openqa.selenium.WebDriverException">
            <message>
              <![CDATA[unknown error: cannot get automation extension
from chrome not reachable
  (Session info: chrome=43.0.2357.130)
  (Driver info: chromedriver=2.8.241075,platform=Windows NT 6.3 x86_64) (WARNING: The server did not provide any stacktrace information)
Command duration or timeout: 1.00 seconds
Build info: version: '2.46.0', revision: '61506a4624b13675f24581e453592342b7485d71', time: '2015-06-04 10:22:50'
System info: host: 'Vova-PC', ip: '192.168.1.221', os.name: 'Windows 8.1', os.arch: 'amd64', os.version: '6.3', java.version: '1.8.0_45'
Driver info: org.openqa.selenium.chrome.ChromeDriver
Capabilities [{applicationCacheEnabled=false, rotatable=false, chrome={userDataDir=C:\Users\Vova\AppData\Local\Temp\scoped_dir2632_28384}, takesHeapSnapshot=true, databaseEnabled=false, handlesAlerts=true, version=43.0.2357.130, platform=WIN8_1, browserConnectionEnabled=false, nativeEvents=true, acceptSslCerts=true, locationContextEnabled=true, webStorageEnabled=true, browserName=chrome, takesScreenshot=true, javascriptEnabled=true, cssSelectorsEnabled=true}]
Session ID: 8d3c68d55de60374b82b4d44266e2d81]]>
            </message>
            <full-stacktrace>
              <![CDATA[org.openqa.selenium.WebDriverException: unknown error: cannot get automation extension
from chrome not reachable
  (Session info: chrome=43.0.2357.130)
  (Driver info: chromedriver=2.8.241075,platform=Windows NT 6.3 x86_64) (WARNING: The server did not provide any stacktrace information)
Command duration or timeout: 1.00 seconds
Build info: version: '2.46.0', revision: '61506a4624b13675f24581e453592342b7485d71', time: '2015-06-04 10:22:50'
System info: host: 'Vova-PC', ip: '192.168.1.221', os.name: 'Windows 8.1', os.arch: 'amd64', os.version: '6.3', java.version: '1.8.0_45'
Driver info: org.openqa.selenium.chrome.ChromeDriver
Capabilities [{applicationCacheEnabled=false, rotatable=false, chrome={userDataDir=C:\Users\Vova\AppData\Local\Temp\scoped_dir2632_28384}, takesHeapSnapshot=true, databaseEnabled=false, handlesAlerts=true, version=43.0.2357.130, platform=WIN8_1, browserConnectionEnabled=false, nativeEvents=true, acceptSslCerts=true, locationContextEnabled=true, webStorageEnabled=true, browserName=chrome, takesScreenshot=true, javascriptEnabled=true, cssSelectorsEnabled=true}]
Session ID: 8d3c68d55de60374b82b4d44266e2d81
	at sun.reflect.NativeConstructorAccessorImpl.newInstance0(Native Method)
	at sun.reflect.NativeConstructorAccessorImpl.newInstance(Unknown Source)
	at sun.reflect.DelegatingConstructorAccessorImpl.newInstance(Unknown Source)
	at java.lang.reflect.Constructor.newInstance(Unknown Source)
	at org.openqa.selenium.remote.ErrorHandler.createThrowable(ErrorHandler.java:204)
	at org.openqa.selenium.remote.ErrorHandler.throwIfResponseFailed(ErrorHandler.java:156)
	at org.openqa.selenium.remote.RemoteWebDriver.execute(RemoteWebDriver.java:605)
	at org.openqa.selenium.remote.RemoteWebDriver$RemoteWebDriverOptions$RemoteWindow.maximize(RemoteWebDriver.java:843)
	at com.crmtronic.testbase.TestNgTestBase.initPageObjects(TestNgTestBase.java:79)
	at sun.reflect.NativeMethodAccessorImpl.invoke0(Native Method)
	at sun.reflect.NativeMethodAccessorImpl.invoke(Unknown Source)
	at sun.reflect.DelegatingMethodAccessorImpl.invoke(Unknown Source)
	at java.lang.reflect.Method.invoke(Unknown Source)
	at org.testng.internal.MethodInvocationHelper.invokeMethod(MethodInvocationHelper.java:85)
	at org.testng.internal.Invoker.invokeConfigurationMethod(Invoker.java:517)
	at org.testng.internal.Invoker.invokeConfigurations(Invoker.java:213)
	at org.testng.internal.Invoker.invokeMethod(Invoker.java:601)
	at org.testng.internal.Invoker.invokeTestMethod(Invoker.java:845)
	at org.testng.internal.Invoker.invokeTestMethods(Invoker.java:1153)
	at org.testng.internal.TestMethodWorker.invokeTestMethods(TestMethodWorker.java:125)
	at org.testng.internal.TestMethodWorker.run(TestMethodWorker.java:108)
	at org.testng.TestRunner.privateRun(TestRunner.java:771)
	at org.testng.TestRunner.run(TestRunner.java:621)
	at org.testng.SuiteRunner.runTest(SuiteRunner.java:357)
	at org.testng.SuiteRunner.runSequentially(SuiteRunner.java:352)
	at org.testng.SuiteRunner.privateRun(SuiteRunner.java:310)
	at org.testng.SuiteRunner.run(SuiteRunner.java:259)
	at org.testng.SuiteRunnerWorker.runSuite(SuiteRunnerWorker.java:52)
	at org.testng.SuiteRunnerWorker.run(SuiteRunnerWorker.java:86)
	at org.testng.TestNG.runSuitesSequentially(TestNG.java:1199)
	at org.testng.TestNG.runSuitesLocally(TestNG.java:1124)
	at org.testng.TestNG.run(TestNG.java:1032)
	at org.testng.remote.RemoteTestNG.run(RemoteTestNG.java:111)
	at org.testng.remote.RemoteTestNG.initAndRun(RemoteTestNG.java:204)
	at org.testng.remote.RemoteTestNG.main(RemoteTestNG.java:175)
]]>
            </full-stacktrace>
          </exception> <!-- org.openqa.selenium.WebDriverException -->
          <reporter-output>
          </reporter-output>
        </test-method> <!-- initPageObjects -->
        <test-method status="SKIP" signature="startMethod()[pri:0, instance:com.crmtronic.tests.RegistrationTest@880ec60]" name="startMethod" is-config="true" duration-ms="0" started-at="2015-07-07T20:00:26Z" finished-at="2015-07-07T20:00:26Z">
          <reporter-output>
          </reporter-output>
        </test-method> <!-- startMethod -->
        <test-method status="SKIP" signature="setUp()[pri:0, instance:com.crmtronic.tests.RegistrationTest@880ec60]" name="setUp" is-config="true" duration-ms="0" started-at="2015-07-07T20:00:26Z" finished-at="2015-07-07T20:00:26Z">
          <reporter-output>
          </reporter-output>
        </test-method> <!-- setUp -->
        <test-method status="SKIP" signature="testRegistrationOkWithCategoryTour()[pri:0, instance:com.crmtronic.tests.RegistrationTest@880ec60]" name="testRegistrationOkWithCategoryTour" duration-ms="2" started-at="2015-07-07T20:00:26Z" finished-at="2015-07-07T20:00:26Z">
          <reporter-output>
          </reporter-output>
        </test-method> <!-- testRegistrationOkWithCategoryTour -->
        <test-method status="SKIP" signature="endMethod()[pri:0, instance:com.crmtronic.tests.RegistrationTest@880ec60]" name="endMethod" is-config="true" duration-ms="0" started-at="2015-07-07T20:00:26Z" finished-at="2015-07-07T20:00:26Z">
          <reporter-output>
          </reporter-output>
        </test-method> <!-- endMethod -->
      </class> <!-- com.crmtronic.tests.RegistrationTest -->
    </test> <!-- Test2 -->
    <test name="Test3" duration-ms="8288" started-at="2015-07-07T17:00:26Z" finished-at="2015-07-07T17:00:34Z">
      <class name="com.crmtronic.tests.CategoriesTest">
        <test-method status="PASS" signature="initTestSuite()[pri:0, instance:com.crmtronic.tests.CategoriesTest@57829d67]" name="initTestSuite" is-config="true" duration-ms="28" started-at="2015-07-07T19:59:43Z" finished-at="2015-07-07T19:59:43Z">
          <reporter-output>
          </reporter-output>
        </test-method> <!-- initTestSuite -->
        <test-method status="PASS" signature="initWebDriver()[pri:0, instance:com.crmtronic.tests.CategoriesTest@57829d67]" name="initWebDriver" is-config="true" duration-ms="3693" started-at="2015-07-07T20:00:26Z" finished-at="2015-07-07T20:00:29Z">
          <reporter-output>
          </reporter-output>
        </test-method> <!-- initWebDriver -->
        <test-method status="FAIL" signature="initPageObjects()[pri:0, instance:com.crmtronic.tests.CategoriesTest@57829d67]" name="initPageObjects" is-config="true" duration-ms="0" started-at="2015-07-07T20:00:29Z" finished-at="2015-07-07T20:00:29Z">
          <exception class="org.openqa.selenium.WebDriverException">
            <message>
              <![CDATA[unknown error: cannot get automation extension
from chrome not reachable
  (Session info: chrome=43.0.2357.130)
  (Driver info: chromedriver=2.8.241075,platform=Windows NT 6.3 x86_64) (WARNING: The server did not provide any stacktrace information)
Command duration or timeout: 1.01 seconds
Build info: version: '2.46.0', revision: '61506a4624b13675f24581e453592342b7485d71', time: '2015-06-04 10:22:50'
System info: host: 'Vova-PC', ip: '192.168.1.221', os.name: 'Windows 8.1', os.arch: 'amd64', os.version: '6.3', java.version: '1.8.0_45'
Driver info: org.openqa.selenium.chrome.ChromeDriver
Capabilities [{applicationCacheEnabled=false, rotatable=false, chrome={userDataDir=C:\Users\Vova\AppData\Local\Temp\scoped_dir12088_21063}, takesHeapSnapshot=true, databaseEnabled=false, handlesAlerts=true, version=43.0.2357.130, platform=WIN8_1, browserConnectionEnabled=false, nativeEvents=true, acceptSslCerts=true, locationContextEnabled=true, webStorageEnabled=true, browserName=chrome, takesScreenshot=true, javascriptEnabled=true, cssSelectorsEnabled=true}]
Session ID: 0e733fbfcfc668ff017601a3628097f9]]>
            </message>
            <full-stacktrace>
              <![CDATA[org.openqa.selenium.WebDriverException: unknown error: cannot get automation extension
from chrome not reachable
  (Session info: chrome=43.0.2357.130)
  (Driver info: chromedriver=2.8.241075,platform=Windows NT 6.3 x86_64) (WARNING: The server did not provide any stacktrace information)
Command duration or timeout: 1.01 seconds
Build info: version: '2.46.0', revision: '61506a4624b13675f24581e453592342b7485d71', time: '2015-06-04 10:22:50'
System info: host: 'Vova-PC', ip: '192.168.1.221', os.name: 'Windows 8.1', os.arch: 'amd64', os.version: '6.3', java.version: '1.8.0_45'
Driver info: org.openqa.selenium.chrome.ChromeDriver
Capabilities [{applicationCacheEnabled=false, rotatable=false, chrome={userDataDir=C:\Users\Vova\AppData\Local\Temp\scoped_dir12088_21063}, takesHeapSnapshot=true, databaseEnabled=false, handlesAlerts=true, version=43.0.2357.130, platform=WIN8_1, browserConnectionEnabled=false, nativeEvents=true, acceptSslCerts=true, locationContextEnabled=true, webStorageEnabled=true, browserName=chrome, takesScreenshot=true, javascriptEnabled=true, cssSelectorsEnabled=true}]
Session ID: 0e733fbfcfc668ff017601a3628097f9
	at sun.reflect.NativeConstructorAccessorImpl.newInstance0(Native Method)
	at sun.reflect.NativeConstructorAccessorImpl.newInstance(Unknown Source)
	at sun.reflect.DelegatingConstructorAccessorImpl.newInstance(Unknown Source)
	at java.lang.reflect.Constructor.newInstance(Unknown Source)
	at org.openqa.selenium.remote.ErrorHandler.createThrowable(ErrorHandler.java:204)
	at org.openqa.selenium.remote.ErrorHandler.throwIfResponseFailed(ErrorHandler.java:156)
	at org.openqa.selenium.remote.RemoteWebDriver.execute(RemoteWebDriver.java:605)
	at org.openqa.selenium.remote.RemoteWebDriver$RemoteWebDriverOptions$RemoteWindow.maximize(RemoteWebDriver.java:843)
	at com.crmtronic.testbase.TestNgTestBase.initPageObjects(TestNgTestBase.java:79)
	at sun.reflect.NativeMethodAccessorImpl.invoke0(Native Method)
	at sun.reflect.NativeMethodAccessorImpl.invoke(Unknown Source)
	at sun.reflect.DelegatingMethodAccessorImpl.invoke(Unknown Source)
	at java.lang.reflect.Method.invoke(Unknown Source)
	at org.testng.internal.MethodInvocationHelper.invokeMethod(MethodInvocationHelper.java:85)
	at org.testng.internal.Invoker.invokeConfigurationMethod(Invoker.java:517)
	at org.testng.internal.Invoker.invokeConfigurations(Invoker.java:213)
	at org.testng.internal.Invoker.invokeMethod(Invoker.java:601)
	at org.testng.internal.Invoker.invokeTestMethod(Invoker.java:845)
	at org.testng.internal.Invoker.invokeTestMethods(Invoker.java:1153)
	at org.testng.internal.TestMethodWorker.invokeTestMethods(TestMethodWorker.java:125)
	at org.testng.internal.TestMethodWorker.run(TestMethodWorker.java:108)
	at org.testng.TestRunner.privateRun(TestRunner.java:771)
	at org.testng.TestRunner.run(TestRunner.java:621)
	at org.testng.SuiteRunner.runTest(SuiteRunner.java:357)
	at org.testng.SuiteRunner.runSequentially(SuiteRunner.java:352)
	at org.testng.SuiteRunner.privateRun(SuiteRunner.java:310)
	at org.testng.SuiteRunner.run(SuiteRunner.java:259)
	at org.testng.SuiteRunnerWorker.runSuite(SuiteRunnerWorker.java:52)
	at org.testng.SuiteRunnerWorker.run(SuiteRunnerWorker.java:86)
	at org.testng.TestNG.runSuitesSequentially(TestNG.java:1199)
	at org.testng.TestNG.runSuitesLocally(TestNG.java:1124)
	at org.testng.TestNG.run(TestNG.java:1032)
	at org.testng.remote.RemoteTestNG.run(RemoteTestNG.java:111)
	at org.testng.remote.RemoteTestNG.initAndRun(RemoteTestNG.java:204)
	at org.testng.remote.RemoteTestNG.main(RemoteTestNG.java:175)
]]>
            </full-stacktrace>
          </exception> <!-- org.openqa.selenium.WebDriverException -->
          <reporter-output>
          </reporter-output>
        </test-method> <!-- initPageObjects -->
        <test-method status="SKIP" signature="startMethod()[pri:0, instance:com.crmtronic.tests.CategoriesTest@57829d67]" name="startMethod" is-config="true" duration-ms="0" started-at="2015-07-07T20:00:34Z" finished-at="2015-07-07T20:00:34Z">
          <reporter-output>
          </reporter-output>
        </test-method> <!-- startMethod -->
        <test-method status="SKIP" signature="setUp()[pri:0, instance:com.crmtronic.tests.CategoriesTest@57829d67]" name="setUp" is-config="true" duration-ms="0" started-at="2015-07-07T20:00:34Z" finished-at="2015-07-07T20:00:34Z">
          <reporter-output>
          </reporter-output>
        </test-method> <!-- setUp -->
        <test-method status="SKIP" signature="testVerifiButtonVisibitiClose()[pri:0, instance:com.crmtronic.tests.CategoriesTest@57829d67]" name="testVerifiButtonVisibitiClose" duration-ms="1" started-at="2015-07-07T20:00:34Z" finished-at="2015-07-07T20:00:34Z">
          <reporter-output>
          </reporter-output>
        </test-method> <!-- testVerifiButtonVisibitiClose -->
        <test-method status="SKIP" signature="endMethod()[pri:0, instance:com.crmtronic.tests.CategoriesTest@57829d67]" name="endMethod" is-config="true" duration-ms="0" started-at="2015-07-07T20:00:34Z" finished-at="2015-07-07T20:00:34Z">
          <reporter-output>
          </reporter-output>
        </test-method> <!-- endMethod -->
        <test-method status="SKIP" signature="initPageObjects()[pri:0, instance:com.crmtronic.tests.CategoriesTest@57829d67]" name="initPageObjects" is-config="true" duration-ms="0" started-at="2015-07-07T20:00:34Z" finished-at="2015-07-07T20:00:34Z">
          <reporter-output>
          </reporter-output>
        </test-method> <!-- initPageObjects -->
        <test-method status="SKIP" signature="startMethod()[pri:0, instance:com.crmtronic.tests.CategoriesTest@57829d67]" name="startMethod" is-config="true" duration-ms="0" started-at="2015-07-07T20:00:34Z" finished-at="2015-07-07T20:00:34Z">
          <reporter-output>
          </reporter-output>
        </test-method> <!-- startMethod -->
        <test-method status="SKIP" signature="setUp()[pri:0, instance:com.crmtronic.tests.CategoriesTest@57829d67]" name="setUp" is-config="true" duration-ms="0" started-at="2015-07-07T20:00:34Z" finished-at="2015-07-07T20:00:34Z">
          <reporter-output>
          </reporter-output>
        </test-method> <!-- setUp -->
        <test-method status="SKIP" signature="testVerifiDocumentCategory()[pri:0, instance:com.crmtronic.tests.CategoriesTest@57829d67]" name="testVerifiDocumentCategory" duration-ms="1" started-at="2015-07-07T20:00:34Z" finished-at="2015-07-07T20:00:34Z">
          <reporter-output>
          </reporter-output>
        </test-method> <!-- testVerifiDocumentCategory -->
        <test-method status="SKIP" signature="endMethod()[pri:0, instance:com.crmtronic.tests.CategoriesTest@57829d67]" name="endMethod" is-config="true" duration-ms="0" started-at="2015-07-07T20:00:34Z" finished-at="2015-07-07T20:00:34Z">
          <reporter-output>
          </reporter-output>
        </test-method> <!-- endMethod -->
        <test-method status="SKIP" signature="initPageObjects()[pri:0, instance:com.crmtronic.tests.CategoriesTest@57829d67]" name="initPageObjects" is-config="true" duration-ms="0" started-at="2015-07-07T20:00:34Z" finished-at="2015-07-07T20:00:34Z">
          <reporter-output>
          </reporter-output>
        </test-method> <!-- initPageObjects -->
        <test-method status="SKIP" signature="startMethod()[pri:0, instance:com.crmtronic.tests.CategoriesTest@57829d67]" name="startMethod" is-config="true" duration-ms="0" started-at="2015-07-07T20:00:34Z" finished-at="2015-07-07T20:00:34Z">
          <reporter-output>
          </reporter-output>
        </test-method> <!-- startMethod -->
        <test-method status="SKIP" signature="testVerifiFieldSearchCategories()[pri:0, instance:com.crmtronic.tests.CategoriesTest@57829d67]" name="testVerifiFieldSearchCategories" duration-ms="1" started-at="2015-07-07T20:00:34Z" finished-at="2015-07-07T20:00:34Z">
          <reporter-output>
          </reporter-output>
        </test-method> <!-- testVerifiFieldSearchCategories -->
        <test-method status="SKIP" signature="setUp()[pri:0, instance:com.crmtronic.tests.CategoriesTest@57829d67]" name="setUp" is-config="true" duration-ms="0" started-at="2015-07-07T20:00:34Z" finished-at="2015-07-07T20:00:34Z">
          <reporter-output>
          </reporter-output>
        </test-method> <!-- setUp -->
        <test-method status="SKIP" signature="endMethod()[pri:0, instance:com.crmtronic.tests.CategoriesTest@57829d67]" name="endMethod" is-config="true" duration-ms="0" started-at="2015-07-07T20:00:34Z" finished-at="2015-07-07T20:00:34Z">
          <reporter-output>
          </reporter-output>
        </test-method> <!-- endMethod -->
        <test-method status="SKIP" signature="initPageObjects()[pri:0, instance:com.crmtronic.tests.CategoriesTest@57829d67]" name="initPageObjects" is-config="true" duration-ms="0" started-at="2015-07-07T20:00:34Z" finished-at="2015-07-07T20:00:34Z">
          <reporter-output>
          </reporter-output>
        </test-method> <!-- initPageObjects -->
        <test-method status="SKIP" signature="setUp()[pri:0, instance:com.crmtronic.tests.CategoriesTest@57829d67]" name="setUp" is-config="true" duration-ms="0" started-at="2015-07-07T20:00:34Z" finished-at="2015-07-07T20:00:34Z">
          <reporter-output>
          </reporter-output>
        </test-method> <!-- setUp -->
        <test-method status="SKIP" signature="startMethod()[pri:0, instance:com.crmtronic.tests.CategoriesTest@57829d67]" name="startMethod" is-config="true" duration-ms="0" started-at="2015-07-07T20:00:34Z" finished-at="2015-07-07T20:00:34Z">
          <reporter-output>
          </reporter-output>
        </test-method> <!-- startMethod -->
        <test-method status="SKIP" signature="testCreateNewCategories()[pri:0, instance:com.crmtronic.tests.CategoriesTest@57829d67]" name="testCreateNewCategories" duration-ms="0" started-at="2015-07-07T20:00:34Z" finished-at="2015-07-07T20:00:34Z">
          <reporter-output>
          </reporter-output>
        </test-method> <!-- testCreateNewCategories -->
        <test-method status="SKIP" signature="endMethod()[pri:0, instance:com.crmtronic.tests.CategoriesTest@57829d67]" name="endMethod" is-config="true" duration-ms="0" started-at="2015-07-07T20:00:34Z" finished-at="2015-07-07T20:00:34Z">
          <reporter-output>
          </reporter-output>
        </test-method> <!-- endMethod -->
        <test-method status="SKIP" signature="setUp()[pri:0, instance:com.crmtronic.tests.CategoriesTest@57829d67]" name="setUp" is-config="true" duration-ms="0" started-at="2015-07-07T20:00:34Z" finished-at="2015-07-07T20:00:34Z">
          <reporter-output>
          </reporter-output>
        </test-method> <!-- setUp -->
        <test-method status="SKIP" signature="startMethod()[pri:0, instance:com.crmtronic.tests.CategoriesTest@57829d67]" name="startMethod" is-config="true" duration-ms="0" started-at="2015-07-07T20:00:34Z" finished-at="2015-07-07T20:00:34Z">
          <reporter-output>
          </reporter-output>
        </test-method> <!-- startMethod -->
        <test-method status="SKIP" signature="initPageObjects()[pri:0, instance:com.crmtronic.tests.CategoriesTest@57829d67]" name="initPageObjects" is-config="true" duration-ms="0" started-at="2015-07-07T20:00:34Z" finished-at="2015-07-07T20:00:34Z">
          <reporter-output>
          </reporter-output>
        </test-method> <!-- initPageObjects -->
        <test-method status="SKIP" signature="testDeleteCategory()[pri:0, instance:com.crmtronic.tests.CategoriesTest@57829d67]" name="testDeleteCategory" duration-ms="1" started-at="2015-07-07T20:00:34Z" finished-at="2015-07-07T20:00:34Z">
          <reporter-output>
          </reporter-output>
        </test-method> <!-- testDeleteCategory -->
        <test-method status="SKIP" signature="endMethod()[pri:0, instance:com.crmtronic.tests.CategoriesTest@57829d67]" name="endMethod" is-config="true" duration-ms="0" started-at="2015-07-07T20:00:34Z" finished-at="2015-07-07T20:00:34Z">
          <reporter-output>
          </reporter-output>
        </test-method> <!-- endMethod -->
        <test-method status="PASS" signature="tearDown()[pri:0, instance:com.crmtronic.tests.CategoriesTest@57829d67]" name="tearDown" is-config="true" duration-ms="21162" started-at="2015-07-07T20:00:34Z" finished-at="2015-07-07T20:00:55Z">
          <reporter-output>
          </reporter-output>
        </test-method> <!-- tearDown -->
      </class> <!-- com.crmtronic.tests.CategoriesTest -->
    </test> <!-- Test3 -->
  </suite> <!-- Tests -->
</testng-results>
